<?xml version="1.0" encoding="utf-8"?><testsuites name="pytest tests"><testsuite name="pytest" errors="0" failures="3" skipped="0" tests="35" time="4.629" timestamp="2026-05-02T09:29:59.217748+00:00" hostname="agent-env-8023f604-ca8d-4b70-b7f4-479ac85a27c3"><testcase classname="backend.tests.backend_test.TestRoot" name="test_root_returns_welcome" time="0.211" /><testcase classname="backend.tests.backend_test.TestAdmin2FA" name="test_login_success_returns_preauth_and_step" time="0.277" /><testcase classname="backend.tests.backend_test.TestAdmin2FA" name="test_login_wrong_password_401" time="0.271" /><testcase classname="backend.tests.backend_test.TestAdmin2FA" name="test_login_unknown_email_401" time="0.046" /><testcase classname="backend.tests.backend_test.TestAdmin2FA" name="test_login_email_case_insensitive" time="0.268" /><testcase classname="backend.tests.backend_test.TestAdmin2FA" name="test_verify_totp_invalid_code_401" time="0.313" /><testcase classname="backend.tests.backend_test.TestAdmin2FA" name="test_verify_totp_valid_code_returns_access_token" time="0.317" /><testcase classname="backend.tests.backend_test.TestAdmin2FA" name="test_access_jwt_cannot_be_used_as_preauth" time="0.364" /><testcase classname="backend.tests.backend_test.TestAdmin2FA" name="test_verify_totp_invalid_preauth_401" time="0.049" /><testcase classname="backend.tests.backend_test.TestAdmin2FA" name="test_admin_me_with_access_token" time="0.100" /><testcase classname="backend.tests.backend_test.TestAdmin2FA" name="test_admin_me_without_token_401" time="0.047" /><testcase classname="backend.tests.backend_test.TestAdmin2FA" name="test_admin_me_invalid_token_401" time="0.045" /><testcase classname="backend.tests.backend_test.TestAdmin2FA" name="test_provisioning_uri_matches_db_secret_on_setup" time="0.273" /><testcase classname="backend.tests.backend_test.TestResetTotp" name="test_reset_totp_requires_auth" time="0.045" /><testcase classname="backend.tests.backend_test.TestResetTotp" name="test_reset_totp_flow_and_relogin_setup" time="0.634" /><testcase classname="backend.tests.backend_test.TestDonationGifts" name="test_gift_fields_persisted_when_amount_ge_500" time="0.184"><failure message="KeyError: 'gift_to'">backend/tests/backend_test.py:282: in test_gift_fields_persisted_when_amount_ge_500
    assert w["gift_to"] == "Ananya"
           ^^^^^^^^^^^^
E   KeyError: 'gift_to'</failure></testcase><testcase classname="backend.tests.backend_test.TestDonationGifts" name="test_gift_fields_nulled_when_amount_lt_500" time="0.184"><failure message="KeyError: 'gift_to'">backend/tests/backend_test.py:316: in test_gift_fields_nulled_when_amount_lt_500
    assert w["gift_to"] is None
           ^^^^^^^^^^^^
E   KeyError: 'gift_to'</failure></testcase><testcase classname="backend.tests.backend_test.TestDonationGifts" name="test_wall_includes_gift_fields_schema" time="0.044"><failure message="AssertionError: assert 'gift_to' in {'amount': 100.0, 'created_at': '2026-05-02T09:30:02.866680+00:00', 'message': None, 'name': 'TEST_NoGift_45fced', ...}">backend/tests/backend_test.py:326: in test_wall_includes_gift_fields_schema
    assert "gift_to" in it
E   AssertionError: assert 'gift_to' in {'amount': 100.0, 'created_at': '2026-05-02T09:30:02.866680+00:00', 'message': None, 'name': 'TEST_NoGift_45fced', ...}</failure></testcase><testcase classname="backend.tests.backend_test.TestCreateOrder" name="test_create_order_min_50_success" time="0.044" /><testcase classname="backend.tests.backend_test.TestCreateOrder" name="test_create_order_below_50_returns_422" time="0.044" /><testcase classname="backend.tests.backend_test.TestCreateOrder" name="test_create_order_bad_email_422" time="0.043" /><testcase classname="backend.tests.backend_test.TestVerifyAndWall" name="test_verify_invalid_donation_returns_404" time="0.044" /><testcase classname="backend.tests.backend_test.TestVerifyAndWall" name="test_wall_sorted_desc_no_id_leak" time="0.044" /><testcase classname="backend.tests.backend_test.TestStats" name="test_stats_shape_and_no_baseline" time="0.046" /><testcase classname="backend.tests.backend_test.TestAdminLists" name="test_admin_donations_requires_token" time="0.044" /><testcase classname="backend.tests.backend_test.TestAdminLists" name="test_admin_donations_no_id_leak" time="0.049" /><testcase classname="backend.tests.backend_test.TestAdminLists" name="test_admin_contact_requires_token" time="0.046" /><testcase classname="backend.tests.backend_test.TestAdminLists" name="test_admin_contact_with_token" time="0.045" /><testcase classname="backend.tests.backend_test.TestTeam" name="test_team_returns_at_least_4_members" time="0.046" /><testcase classname="backend.tests.backend_test.TestTeam" name="test_team_sorted_by_order" time="0.045" /><testcase classname="backend.tests.backend_test.TestTeam" name="test_team_contains_seeded_names" time="0.046" /><testcase classname="backend.tests.backend_test.TestContact" name="test_contact_create_success" time="0.045" /><testcase classname="backend.tests.backend_test.TestContact" name="test_contact_rejects_empty_name" time="0.043" /><testcase classname="backend.tests.backend_test.TestProjects" name="test_create_project_requires_token" time="0.043" /><testcase classname="backend.tests.backend_test.TestProjects" name="test_projects_list_public_no_id_leak" time="0.044" /></testsuite></testsuites>