<?xml version="1.0" encoding="utf-8"?><testsuites name="pytest tests"><testsuite name="pytest" errors="0" failures="0" skipped="0" tests="52" time="6.489" timestamp="2026-06-30T17:58:40.280661+00:00" hostname="agent-env-3d2e13b7-f6d9-42c1-975a-bc44ea6a1a5b"><testcase classname="backend.tests.backend_test.TestRoot" name="test_root_returns_welcome" time="0.191" /><testcase classname="backend.tests.backend_test.TestAdmin2FA" name="test_login_success_returns_preauth_and_step" time="0.289" /><testcase classname="backend.tests.backend_test.TestAdmin2FA" name="test_login_wrong_password_401" time="0.282" /><testcase classname="backend.tests.backend_test.TestAdmin2FA" name="test_login_unknown_email_401" time="0.058" /><testcase classname="backend.tests.backend_test.TestAdmin2FA" name="test_login_email_case_insensitive" time="0.278" /><testcase classname="backend.tests.backend_test.TestAdmin2FA" name="test_verify_totp_invalid_code_401" time="0.342" /><testcase classname="backend.tests.backend_test.TestAdmin2FA" name="test_verify_totp_valid_code_returns_access_token" time="0.340" /><testcase classname="backend.tests.backend_test.TestAdmin2FA" name="test_access_jwt_cannot_be_used_as_preauth" time="0.373" /><testcase classname="backend.tests.backend_test.TestAdmin2FA" name="test_verify_totp_invalid_preauth_401" time="0.077" /><testcase classname="backend.tests.backend_test.TestAdmin2FA" name="test_admin_me_with_access_token" time="0.107" /><testcase classname="backend.tests.backend_test.TestAdmin2FA" name="test_admin_me_without_token_401" time="0.053" /><testcase classname="backend.tests.backend_test.TestAdmin2FA" name="test_admin_me_invalid_token_401" time="0.254" /><testcase classname="backend.tests.backend_test.TestAdmin2FA" name="test_provisioning_uri_matches_db_secret_on_setup" time="0.287" /><testcase classname="backend.tests.backend_test.TestResetTotp" name="test_reset_totp_requires_auth" time="0.053" /><testcase classname="backend.tests.backend_test.TestResetTotp" name="test_reset_totp_flow_and_relogin_setup" time="0.656" /><testcase classname="backend.tests.backend_test.TestDonationGifts" name="test_gift_fields_persisted_when_amount_ge_500" time="0.230" /><testcase classname="backend.tests.backend_test.TestDonationGifts" name="test_gift_fields_nulled_when_amount_lt_500" time="0.220" /><testcase classname="backend.tests.backend_test.TestDonationGifts" name="test_wall_includes_gift_fields_schema" time="0.066" /><testcase classname="backend.tests.backend_test.TestCreateOrder" name="test_create_order_min_50_success" time="0.077" /><testcase classname="backend.tests.backend_test.TestCreateOrder" name="test_create_order_below_min_returns_422" time="0.067" /><testcase classname="backend.tests.backend_test.TestCreateOrder" name="test_create_order_bad_email_422" time="0.064" /><testcase classname="backend.tests.backend_test.TestVerifyAndWall" name="test_verify_invalid_donation_returns_404" time="0.061" /><testcase classname="backend.tests.backend_test.TestVerifyAndWall" name="test_wall_sorted_desc_no_id_leak" time="0.053" /><testcase classname="backend.tests.backend_test.TestStats" name="test_stats_shape_and_no_baseline" time="0.052" /><testcase classname="backend.tests.backend_test.TestAdminLists" name="test_admin_donations_requires_token" time="0.057" /><testcase classname="backend.tests.backend_test.TestAdminLists" name="test_admin_donations_no_id_leak" time="0.045" /><testcase classname="backend.tests.backend_test.TestAdminLists" name="test_admin_contact_requires_token" time="0.057" /><testcase classname="backend.tests.backend_test.TestAdminLists" name="test_admin_contact_with_token" time="0.062" /><testcase classname="backend.tests.backend_test.TestTeam" name="test_team_endpoint_returns_list" time="0.058" /><testcase classname="backend.tests.backend_test.TestTeam" name="test_team_sorted_by_order_if_present" time="0.053" /><testcase classname="backend.tests.backend_test.TestCoordinatorApply" name="test_apply_success_returns_pending" time="0.062" /><testcase classname="backend.tests.backend_test.TestCoordinatorApply" name="test_apply_duplicate_pending_returns_409" time="0.118" /><testcase classname="backend.tests.backend_test.TestCoordinatorApply" name="test_apply_missing_required_returns_422" time="0.053" /><testcase classname="backend.tests.backend_test.TestCoordinatorApply" name="test_apply_why_join_too_short_returns_422" time="0.050" /><testcase classname="backend.tests.backend_test.TestCoordinatorApply" name="test_apply_invalid_role_preference_422" time="0.054" /><testcase classname="backend.tests.backend_test.TestCoordinatorAdmin" name="test_list_requires_token" time="0.050" /><testcase classname="backend.tests.backend_test.TestCoordinatorAdmin" name="test_approve_requires_token" time="0.056" /><testcase classname="backend.tests.backend_test.TestCoordinatorAdmin" name="test_reject_requires_token" time="0.055" /><testcase classname="backend.tests.backend_test.TestCoordinatorAdmin" name="test_delete_requires_token" time="0.049" /><testcase classname="backend.tests.backend_test.TestCoordinatorAdmin" name="test_list_returns_array" time="0.046" /><testcase classname="backend.tests.backend_test.TestCoordinatorAdmin" name="test_approve_flips_status_and_sets_decided_at" time="0.151" /><testcase classname="backend.tests.backend_test.TestCoordinatorAdmin" name="test_reject_flips_status" time="0.163" /><testcase classname="backend.tests.backend_test.TestCoordinatorAdmin" name="test_approve_nonexistent_404" time="0.048" /><testcase classname="backend.tests.backend_test.TestCoordinatorAdmin" name="test_delete_nonexistent_404" time="0.044" /><testcase classname="backend.tests.backend_test.TestCoordinatorAdmin" name="test_list_filter_by_status" time="0.052" /><testcase classname="backend.tests.backend_test.TestAdminProtections" name="test_admin_team_create_requires_token" time="0.051" /><testcase classname="backend.tests.backend_test.TestAdminProtections" name="test_admin_team_delete_requires_token" time="0.054" /><testcase classname="backend.tests.backend_test.TestAdminProtections" name="test_admin_projects_delete_requires_token" time="0.051" /><testcase classname="backend.tests.backend_test.TestContact" name="test_contact_create_success" time="0.050" /><testcase classname="backend.tests.backend_test.TestContact" name="test_contact_rejects_empty_name" time="0.051" /><testcase classname="backend.tests.backend_test.TestProjects" name="test_create_project_requires_token" time="0.052" /><testcase classname="backend.tests.backend_test.TestProjects" name="test_projects_list_public_no_id_leak" time="0.065" /></testsuite></testsuites>