<?xml version="1.0" encoding="utf-8"?><testsuites name="pytest tests"><testsuite name="pytest" errors="0" failures="0" skipped="0" tests="35" time="4.786" timestamp="2026-05-02T09:32:10.664548+00:00" hostname="agent-env-8023f604-ca8d-4b70-b7f4-479ac85a27c3"><testcase classname="backend.tests.backend_test.TestRoot" name="test_root_returns_welcome" time="0.150" /><testcase classname="backend.tests.backend_test.TestAdmin2FA" name="test_login_success_returns_preauth_and_step" time="0.274" /><testcase classname="backend.tests.backend_test.TestAdmin2FA" name="test_login_wrong_password_401" time="0.269" /><testcase classname="backend.tests.backend_test.TestAdmin2FA" name="test_login_unknown_email_401" time="0.047" /><testcase classname="backend.tests.backend_test.TestAdmin2FA" name="test_login_email_case_insensitive" time="0.268" /><testcase classname="backend.tests.backend_test.TestAdmin2FA" name="test_verify_totp_invalid_code_401" time="0.308" /><testcase classname="backend.tests.backend_test.TestAdmin2FA" name="test_verify_totp_valid_code_returns_access_token" time="0.350" /><testcase classname="backend.tests.backend_test.TestAdmin2FA" name="test_access_jwt_cannot_be_used_as_preauth" time="0.361" /><testcase classname="backend.tests.backend_test.TestAdmin2FA" name="test_verify_totp_invalid_preauth_401" time="0.081" /><testcase classname="backend.tests.backend_test.TestAdmin2FA" name="test_admin_me_with_access_token" time="0.110" /><testcase classname="backend.tests.backend_test.TestAdmin2FA" name="test_admin_me_without_token_401" time="0.041" /><testcase classname="backend.tests.backend_test.TestAdmin2FA" name="test_admin_me_invalid_token_401" time="0.081" /><testcase classname="backend.tests.backend_test.TestAdmin2FA" name="test_provisioning_uri_matches_db_secret_on_setup" time="0.265" /><testcase classname="backend.tests.backend_test.TestResetTotp" name="test_reset_totp_requires_auth" time="0.047" /><testcase classname="backend.tests.backend_test.TestResetTotp" name="test_reset_totp_flow_and_relogin_setup" time="0.665" /><testcase classname="backend.tests.backend_test.TestDonationGifts" name="test_gift_fields_persisted_when_amount_ge_500" time="0.182" /><testcase classname="backend.tests.backend_test.TestDonationGifts" name="test_gift_fields_nulled_when_amount_lt_500" time="0.223" /><testcase classname="backend.tests.backend_test.TestDonationGifts" name="test_wall_includes_gift_fields_schema" time="0.042" /><testcase classname="backend.tests.backend_test.TestCreateOrder" name="test_create_order_min_50_success" time="0.083" /><testcase classname="backend.tests.backend_test.TestCreateOrder" name="test_create_order_below_50_returns_422" time="0.041" /><testcase classname="backend.tests.backend_test.TestCreateOrder" name="test_create_order_bad_email_422" time="0.081" /><testcase classname="backend.tests.backend_test.TestVerifyAndWall" name="test_verify_invalid_donation_returns_404" time="0.083" /><testcase classname="backend.tests.backend_test.TestVerifyAndWall" name="test_wall_sorted_desc_no_id_leak" time="0.046" /><testcase classname="backend.tests.backend_test.TestStats" name="test_stats_shape_and_no_baseline" time="0.044" /><testcase classname="backend.tests.backend_test.TestAdminLists" name="test_admin_donations_requires_token" time="0.042" /><testcase classname="backend.tests.backend_test.TestAdminLists" name="test_admin_donations_no_id_leak" time="0.045" /><testcase classname="backend.tests.backend_test.TestAdminLists" name="test_admin_contact_requires_token" time="0.046" /><testcase classname="backend.tests.backend_test.TestAdminLists" name="test_admin_contact_with_token" time="0.045" /><testcase classname="backend.tests.backend_test.TestTeam" name="test_team_returns_at_least_4_members" time="0.042" /><testcase classname="backend.tests.backend_test.TestTeam" name="test_team_sorted_by_order" time="0.042" /><testcase classname="backend.tests.backend_test.TestTeam" name="test_team_contains_seeded_names" time="0.048" /><testcase classname="backend.tests.backend_test.TestContact" name="test_contact_create_success" time="0.043" /><testcase classname="backend.tests.backend_test.TestContact" name="test_contact_rejects_empty_name" time="0.041" /><testcase classname="backend.tests.backend_test.TestProjects" name="test_create_project_requires_token" time="0.045" /><testcase classname="backend.tests.backend_test.TestProjects" name="test_projects_list_public_no_id_leak" time="0.044" /></testsuite></testsuites>